INFO:root:(2 points) Are the curves correct? is y
INFO:root:(2 points) Are the curves colored by model? is y
INFO:root:(2 points) Is the legend correct? is y
INFO:root:(2 points) Are the axes labels correct? is y
INFO:root:(2 points) Are the axes ranges correct? is y
INFO:root:Executed R('load(\'../../instructor/assignments/hw6/hw6-tests2.rda\')')
INFO:root:Executed R('tpr.t <- tpr(0.75, hw6$tpr.pr, hw6$tpr.tr)')
INFO:root:(2 points) R('all.equal(grade6$tpr.t, tpr.t)')[0] is True
INFO:root:(1 points) R('tpr.t>=0 & tpr.t<=1')[0] is True
INFO:root:Executed R('fpr.t <- fpr(0.75, hw6$tpr.pr, hw6$tpr.tr)')
INFO:root:(2 points) R('all.equal(grade6$fpr.t, fpr.t)')[0] is True
INFO:root:(1 points) R('fpr.t>=0 & fpr.t<=1')[0] is True
INFO:root:Executed R('plotroc.t <- plotROC(hw6$tpr.pr, hw6$tpr.tr)')
INFO:root:(2 points) R('all.equal(hw6$plotROC.t1, plotroc.t)')[0] is True
INFO:root:Executed R('response.name <- names(spam$data)[58]')
INFO:root:Executed R('n.train <- nrow(spam$train)')
INFO:root:(1 points) R('all.equal("spam", response.name)')[0] is True
INFO:root:(1 points) R('all.equal(3500, n.train)')[0] is True
ERROR:root:(2 points) Checking R('all.equal(unname(grade6$pred.rp), unname(pred.rp), check.attributes=F)')[0]
ERROR:root:... Expecting: True
ERROR:root:... But got:   target is numeric, current is matrix
ERROR:root:(2 points) Checking R('all.equal(unname(grade6$pred.rf), unname(pred.rf), check.attributes=F)')[0]
ERROR:root:... Expecting: True
ERROR:root:... But got:   target is numeric, current is matrix
INFO:root:(2 points) R('all.equal(grade6$min.fpr.rp, min.fpr.rp)')[0] is True
INFO:root:(2 points) R('all.equal(grade6$min.fpr.rf, min.fpr.rf)')[0] is True
ERROR:root:(1 points) Checking R('all.equal(grade6$rp.threshold, rp.threshold)')[0]
ERROR:root:... Expecting: True
ERROR:root:... But got:   Mean relative difference: 0.1
ERROR:root:(1 points) Checking R('all.equal(grade6$rf.threshold, rf.threshold)')[0]
ERROR:root:... Expecting: True
ERROR:root:... But got:   Mean relative difference: 0.03125
INFO:root:You got a 28 out of 30.
