INFO:root:Executed R('load(\'hw2/ex1-tests.rda\')')
INFO:root:(1 points) R('all.equal(return.false.t, returnFalse(ex1.test1.data, ex1.test1.bool))')[0] is True
INFO:root:(1 points) R('all.equal(return.non.idcs.t, returnNonIdcs(ex1.test1.data, ex1.test1.idcs))')[0] is True
INFO:root:(1 points) R('all.equal(subset.df.idcs.t, subsetDfIdcs(iris, 1:100, 1:3))')[0] is True
INFO:root:(1 points) R('all.equal(subset.df.name.t, subsetDfName(iris, 1:50, \'Species\'))')[0] is True
INFO:root:Executed R('load(\'hw3/ex2-tests.rda\')')
INFO:root:(1 points) R('all.equal(col.sorter.t, colSorter(ex2.test1))')[0] is True
INFO:root:(1 points) R('all.equal(row.sorter.t, rowSorter(ex2.test2))')[0] is True
ERROR:root:(2 points) Checking R('all.equal(factor.sorter.t, factorSorter(iris, \'Sepal.Length\'))')[0]
ERROR:root:... Expecting: True
ERROR:root:... But got:   Attributes: < Component “call”: target, current do not match when deparsed >
INFO:root:Executed R('load(\'hw3/ex3-tests.rda\')')
INFO:root:(1 points) R('all.equal(sum.na.t, sumNA(ex3.test1))')[0] is True
INFO:root:Executed R('set.seed(47)')
INFO:root:(1 points) R('all.equal(simulate.normals.t, simulateNormals(100, 5, 4, 5))')[0] is True
INFO:root:(1 points) R('all.equal(list.lengths.t, listLengths(ex3.test2))')[0] is True
INFO:root:(1 points) R('all.equal(matrix.list.means.t, matrixListMeans(ex3.test3))')[0] is True
ERROR:root:(1 points) Checking R('all.equal(stand.matrix.variables.t, standMatrixVariables(ex3.test4))')[0]
ERROR:root:... Expecting: True
ERROR:root:... But got:   Mean relative difference: 2
INFO:root:Executed R('load(\'hw2/ex4-tests.rda\')')
INFO:root:(1 points) R('all.equal(test.groups.gestation.t, testGroupsGestation(test.data, g1, g2, test.alternative=\'greater\'))')[0] is True
INFO:root:(1 points) Are there two sets of plots? is y
INFO:root:(1 points) Is the first plot a density plot? is y
INFO:root:(1 points) Is the x-axis labeled 'age'? is y
INFO:root:(1 points) Is the range of the x-axis 20 to 100? is y
INFO:root:(1 points) Is the plot titled 'Patient age by group'? is y
INFO:root:(1 points) Are the two groups colored correctly? is y
INFO:root:(1 points) Does the second figure have 4 subplots? is y
INFO:root:(1 points) Are the subplots titled correctly? is y
INFO:root:(1 points) Are the x- and y-axis ranged appropriately? is y
ERROR:root:(1 points) Checking Is the y-axis correctly labeled?
ERROR:root:... Expecting: False
ERROR:root:... But got:   n
INFO:root:(1 points) Are the groups colored correctly? is y
INFO:root:Executed R('load(\'hw3/ex5-tests.rda\')')
INFO:root:(1 points) R('all.equal(first.last.t, firstLast(iris))')[0] is True
INFO:root:(1 points) R('all.equal(np.ratio.t, npRatio(iris))')[0] is True
INFO:root:(2 points) R('all.equal(numeric.summary.t, unname(numericSummary(ex5.test1)))')[0] is True
INFO:root:(1 points) R('all.equal(get.class.t, unname(getClass(ex5.test1)))')[0] is True
INFO:root:You got a 26 out of 30.
