INFO:root:Executed R('load(\'../../instructor/assignments/lab7/lab7-tests2.rda\')')
INFO:root:Executed R('set.seed(47)')
INFO:root:Executed R('datagenerator.t1 <- dataGenerator(1:10, 2, 2)')
INFO:root:(2 points) R('10 == length(datagenerator.t1)')[0] is True
INFO:root:(2 points) R('grade.l7$datagenerator.t1 == datagenerator.t1')[0] is True
INFO:root:Executed R('set.seed(47)')
INFO:root:Executed R('datagenerator.t2 <- dataGenerator(cbind(c(1, 2, 3), c(4, 1, 5)), c(2, 4), 2)')
INFO:root:(2 points) R('all.equal(grade.l7$datagenerator.t2, datagenerator.t2)')[0] is True
INFO:root:Executed R('set.seed(47)')
INFO:root:Executed R('betaestimator.t1 <- betaEstimator(1:10, 2, 2)')
INFO:root:(2 points) R('1 == length(betaestimator.t1)')[0] is True
INFO:root:(2 points) R('grade.l7$betaestimator.t1 == betaestimator.t1')[0] is True
INFO:root:Executed R('set.seed(47)')
INFO:root:Executed R('betaestimator.t2 <- betaEstimator(cbind(rnorm(10), rnorm(10)), c(2, 4), 2)')
INFO:root:(2 points) R('2 == length(betaestimator.t2)')[0] is True
INFO:root:(2 points) R('all.equal(grade.l7$betaestimator.t2, betaestimator.t2)')[0] is True
INFO:root:(2 points) R('grade.l7$betavariance.t1 == betaVariance(lab7$predictors, 4)')[0] is True
INFO:root:(2 points) R('grade.l7$betavariance.t2 == betaVariance(1:10, 2)')[0] is True
INFO:root:(2 points) R('length(X) == 100')[0] is True
INFO:root:(2 points) R('length(beta.hats) == 1000')[0] is True
INFO:root:(3 points) R('grade.l7$betahats.t == beta.hats')[0] is True
INFO:root:(2 points) R('prop.2sd>=0 & prop.2sd <=1')[0] is True
INFO:root:(3 points) R('0.96 == prop.2sd')[0] is True
INFO:root:You got a 30 out of 30.
